Build started 3/7/2562 23:55:02.
     1>Project "C:\work c++\Celsius to Fahrenheit\Celsius to Fahrenheit\Celsius to Fahrenheit.vcxproj" on node 2 (build target(s)).
     1>InitializeBuildStatus:
         Creating "Debug\Celsius to Fahrenheit.unsuccessfulbuild" because "AlwaysCreate" was specified.
       ClCompile:
         c:\Program Files (x86)\Microsoft Visual Studio 10.0\VC\bin\CL.exe /c /ZI /nologo /W3 /WX- /Od /Oy- /D WIN32 /D _DEBUG /D _CONSOLE /D _UNICODE /D UNICODE /Gm /EHsc /RTC1 /MDd /GS /fp:precise /Zc:wchar_t /Zc:forScope /Fo"Debug\\" /Fd"Debug\vc100.pdb" /Gd /TP /analyze- /errorReport:prompt "Celsius to Fahrenheit.cpp"
         Celsius to Fahrenheit.cpp
     1>c:\work c++\celsius to fahrenheit\celsius to fahrenheit\celsius to fahrenheit.cpp(10): warning C4244: '=' : conversion from 'double' to 'float', possible loss of data
       ManifestResourceCompile:
         All outputs are up-to-date.
       Link:
         c:\Program Files (x86)\Microsoft Visual Studio 10.0\VC\bin\link.exe /ERRORREPORT:PROMPT /OUT:"C:\work c++\Celsius to Fahrenheit\Debug\Celsius to Fahrenheit.exe" /INCREMENTAL /NOLOGO kernel32.lib user32.lib gdi32.lib winspool.lib comdlg32.lib advapi32.lib shell32.lib ole32.lib oleaut32.lib uuid.lib odbc32.lib odbccp32.lib /MANIFEST /ManifestFile:"Debug\Celsius to Fahrenheit.exe.intermediate.manifest" /MANIFESTUAC:"level='asInvoker' uiAccess='false'" /DEBUG /PDB:"C:\work c++\Celsius to Fahrenheit\Debug\Celsius to Fahrenheit.pdb" /SUBSYSTEM:CONSOLE /TLBID:1 /DYNAMICBASE /NXCOMPAT /IMPLIB:"C:\work c++\Celsius to Fahrenheit\Debug\Celsius to Fahrenheit.lib" /MACHINE:X86 "Debug\Celsius to Fahrenheit.exe.embed.manifest.res"
         "Debug\Celsius to Fahrenheit.obj"
       Manifest:
         c:\Program Files (x86)\Microsoft SDKs\Windows\v7.0A\bin\mt.exe /nologo /verbose /out:"Debug\Celsius to Fahrenheit.exe.embed.manifest" /manifest "Debug\Celsius to Fahrenheit.exe.intermediate.manifest"
         All outputs are up-to-date.
       LinkEmbedManifest:
         All outputs are up-to-date.
         Celsius to Fahrenheit.vcxproj -> C:\work c++\Celsius to Fahrenheit\Debug\Celsius to Fahrenheit.exe
       FinalizeBuildStatus:
         Deleting file "Debug\Celsius to Fahrenheit.unsuccessfulbuild".
         Touching "Debug\Celsius to Fahrenheit.lastbuildstate".
     1>Done Building Project "C:\work c++\Celsius to Fahrenheit\Celsius to Fahrenheit\Celsius to Fahrenheit.vcxproj" (build target(s)).

Build succeeded.

Time Elapsed 00:00:00.79
